21:46:01.051 [main                     ] DEBUG Logger               - Configured Logger
21:46:01.071 [main                     ] DEBUG GameApplication      - Logging settings
Title: Hutao
Version: 0.0
Width: 720
Height: 720
Fullscreen: false
Intro: false
Profiling: false
Single step:false
App Mode: DEVELOPER
Menu Key: ESCAPE
Stage Style: DECORATED
Scene Factory: class com.almasb.fxgl.app.scene.SceneFactory

21:46:01.392 [JavaFX Application Thread] DEBUG FXGLApplication      - Initializing FXGL
21:46:01.396 [JavaFX Application Thread] INFO  Engine               - FXGL-17.3 (30.03.2023 11.49) on WINDOWS (J:21.0.2 FX:21)
21:46:01.396 [JavaFX Application Thread] DEBUG Engine               - JRE Vendor Name: Oracle Corporation
21:46:01.396 [JavaFX Application Thread] DEBUG Engine               - Running on OS: Windows 11 version 10.0
21:46:01.396 [JavaFX Application Thread] DEBUG Engine               - Architecture: amd64
21:46:01.396 [JavaFX Application Thread] INFO  Engine               - Source code and latest versions at: https://github.com/AlmasB/FXGL
21:46:01.396 [JavaFX Application Thread] INFO  Engine               -       Ask questions and discuss at: https://github.com/AlmasB/FXGL/discussions
21:46:01.396 [JavaFX Application Thread] INFO  Engine               -              Join the FXGL chat at: https://gitter.im/AlmasB/FXGL
21:46:01.452 [JavaFX Application Thread] DEBUG PrimaryStageWindow   - Creating a JavaFX scene
21:46:01.483 [JavaFX Application Thread] DEBUG PrimaryStageWindow   - Target settings size: 720.0 x 720.0
21:46:01.483 [JavaFX Application Thread] DEBUG PrimaryStageWindow   - Scaled scene size:    720.0 x 720.0
21:46:01.483 [JavaFX Application Thread] DEBUG PrimaryStageWindow   - Scaled ratio: (1.0, 1.0)
21:46:01.484 [JavaFX Application Thread] DEBUG PrimaryStageWindow   - Set initial scene to FXGLStartupScene
21:46:01.487 [JavaFX Application Thread] DEBUG PrimaryStageWindow   - Opening main window
21:46:01.545 [JavaFX Application Thread] DEBUG PrimaryStageWindow   - Window border size: (14.4000244140625, 37.5999755859375)
21:46:01.545 [JavaFX Application Thread] DEBUG PrimaryStageWindow   - Scaled size: 720.0 x 720.0
21:46:01.545 [JavaFX Application Thread] DEBUG PrimaryStageWindow   - Scaled ratio: (1.0, 1.0)
21:46:01.546 [JavaFX Application Thread] DEBUG PrimaryStageWindow   - Scene size: 720.0 x 720.0
21:46:01.546 [JavaFX Application Thread] DEBUG PrimaryStageWindow   - Stage size: 734.4000244140625 x 757.5999755859375
21:46:01.551 [FXGL Background Thread 1 ] DEBUG Engine               - Initializing environment variables
21:46:01.591 [FXGL Background Thread 1 ] DEBUG FXGLAssetLoaderServi - User app class for loading assets: class com.example.activity.GameApp
21:46:01.591 [FXGL Background Thread 1 ] DEBUG GameApplicationServi - Applying CSS: fxgl_dark.css
21:46:01.592 [FXGL Background Thread 1 ] DEBUG FXGLAssetLoaderServi - Loading from file system: jar:file:///C:/Users/acer/.m2/repository/com/github/almasb/fxgl/17.3/fxgl-17.3.jar!/fxglassets/ui/css/fxgl_dark.css
21:46:01.623 [FXGL Background Thread 1 ] DEBUG GameApplicationServi - Initializing application scenes
21:46:01.651 [FXGL Background Thread 1 ] DEBUG GameWorld            - Game world initialized
21:46:01.692 [FXGL Background Thread 1 ] DEBUG PhysicsWorld         - Physics world initialized: appHeight=720, physics.ppm=50.0
21:46:01.692 [FXGL Background Thread 1 ] DEBUG PhysicsWorld         - Using strategy: BRUTE_FORCE
21:46:01.694 [FXGL Background Thread 1 ] DEBUG GameScene            - Game scene initialized: 720x720
21:46:01.701 [FXGL Background Thread 1 ] WARN  FXGL.DefaultMenu     - FXGLDefaultMenu is not designed for resolutions < 800x600
21:46:01.701 [FXGL Background Thread 1 ] DEBUG FXGL.DefaultMenu     - createMenuBodyGameMenu()
21:46:01.709 [FXGL Background Thread 1 ] DEBUG FXGL.DefaultMenu     - createOptionsMenu()
21:46:01.714 [FXGL Background Thread 1 ] DEBUG FXGLAssetLoaderServi - Loading from file system: jar:file:///C:/Users/acer/.m2/repository/com/github/almasb/fxgl/17.3/fxgl-17.3.jar!/fxglassets/textures/particles/smoke.png
21:46:01.765 [FXGL Background Thread 1 ] DEBUG FXGLAssetLoaderServi - Loading from file system: jar:file:///C:/Users/acer/.m2/repository/com/github/almasb/fxgl/17.3/fxgl-17.3.jar!/fxglassets/textures/particles/trace_horizontal.png
21:46:01.782 [FXGL Background Thread 1 ] DEBUG GameApplicationServi - Application scenes initialized
21:46:01.790 [FXGL Background Thread 1 ] DEBUG SystemBundleService  - Loading FXGL system data
21:46:01.793 [FXGL Background Thread 1 ] DEBUG FileSystemAccess     - Reading from: C:\Users\acer\School Stuffs\Automata\activity\system\fxgl.bundle
21:46:01.798 [FXGL Background Thread 1 ] DEBUG SystemBundleService  - Bundle FXGL: {}
21:46:01.798 [FXGL Background Thread 1 ] DEBUG UpdaterService       - Checking for updates
21:46:01.814 [FXGL Background Thread 4 ] DEBUG FXGLApplication      - Loading fonts
21:46:01.814 [FXGL Background Thread 1 ] DEBUG FXGLApplication      - Loading default localization
21:46:01.814 [FXGL Background Thread 4 ] DEBUG FXGLAssetLoaderServi - Loading from file system: jar:file:///C:/Users/acer/.m2/repository/com/github/almasb/fxgl/17.3/fxgl-17.3.jar!/fxglassets/ui/fonts/VarelaRound-Regular.ttf
21:46:01.814 [FXGL Background Thread 1 ] DEBUG FXGLAssetLoaderServi - Loading from file system: jar:file:///C:/Users/acer/.m2/repository/com/github/almasb/fxgl/17.3/fxgl-17.3.jar!/fxglassets/languages/english.lang
21:46:01.825 [FXGL Background Thread 1 ] INFO  FXGLApplication      - FXGL initialization took: 0.274 sec
21:46:01.833 [JavaFX Application Thread] DEBUG Input                - Registered new binding: Up - W
21:46:01.834 [JavaFX Application Thread] DEBUG Input                - Registered new binding: Down - S
21:46:01.834 [JavaFX Application Thread] DEBUG Input                - Registered new binding: left - A
21:46:01.834 [JavaFX Application Thread] DEBUG Input                - Registered new binding: Right - D
21:46:01.835 [JavaFX Application Thread] DEBUG Input                - Registered new binding: Attack - LMB
21:46:01.836 [JavaFX Application Thread] DEBUG FXGLAssetLoaderServi - Loading from file system: jar:file:///C:/Users/acer/.m2/repository/com/github/almasb/fxgl/17.3/fxgl-17.3.jar!/fxglassets/textures/fxgl_icon.png
21:46:01.841 [FXGL Background Thread 4 ] DEBUG FXGLAssetLoaderServi - Loading from file system: jar:file:///C:/Users/acer/.m2/repository/com/github/almasb/fxgl/17.3/fxgl-17.3.jar!/fxglassets/ui/fonts/Abel-Regular.ttf
21:46:01.845 [FXGL Background Thread 4 ] DEBUG FXGLAssetLoaderServi - Loading from file system: jar:file:///C:/Users/acer/.m2/repository/com/github/almasb/fxgl/17.3/fxgl-17.3.jar!/fxglassets/ui/fonts/TerminalLandMono-Regular.otf
21:46:01.848 [FXGL Background Thread 4 ] DEBUG FXGLAssetLoaderServi - Loading from file system: jar:file:///C:/Users/acer/.m2/repository/com/github/almasb/fxgl/17.3/fxgl-17.3.jar!/fxglassets/ui/fonts/Courier-Prime.ttf
21:46:01.853 [JavaFX Application Thread] DEBUG FXGLAssetLoaderServi - Loading from file system: jar:file:///C:/Users/acer/.m2/repository/com/github/almasb/fxgl/17.3/fxgl-17.3.jar!/fxglassets/textures/fxgl_default_cursor.png
21:46:01.854 [JavaFX Application Thread] DEBUG Input                - Registered new binding: Screenshot - CTRL+8
21:46:01.855 [JavaFX Application Thread] DEBUG Input                - Registered new binding: Dev Options - 1
21:46:01.855 [JavaFX Application Thread] DEBUG Input                - Registered new binding: Dev Console - 2
21:46:01.856 [JavaFX Application Thread] DEBUG Input                - Registered new binding: System info dump - CTRL+9
21:46:01.856 [JavaFX Application Thread] DEBUG Input                - Registered new binding: Restart - CTRL+R
21:46:01.857 [JavaFX Application Thread] DEBUG Input                - Registered new binding: Toggle Debug Camera - CTRL+7
21:46:01.859 [JavaFX Application Thread] DEBUG LoopRunner           - Starting loop
21:46:01.871 [JavaFX Application Thread] DEBUG LoopRunner           - Initializing JavaFX AnimationTimerLoop
21:46:01.873 [JavaFX Application Thread] DEBUG GameApplicationServi - Starting new game
21:46:01.873 [JavaFX Application Thread] DEBUG Input                - Clearing active input actions
21:46:01.882 [JavaFX Application Thread] DEBUG GameApplicationServi - Removing overlay from FXGLStartupScene and adding to FXGLLoadingScene
21:46:01.885 [JavaFX Application Thread] DEBUG PrimaryStageWindow   - FXGLStartupScene -> FXGLLoadingScene
21:46:01.885 [JavaFX Application Thread] DEBUG GameApplicationServi - Clearing previous game
21:46:01.885 [JavaFX Application Thread] DEBUG GameScene            - Clearing game scene
21:46:01.885 [JavaFX Application Thread] DEBUG GameWorld            - Clearing game world
21:46:01.885 [JavaFX Application Thread] DEBUG PhysicsWorld         - Clearing physics world
21:46:01.886 [FXGL Background Thread 4 ] DEBUG FXGLApplication      - Initializing game
21:46:01.887 [JavaFX Application Thread] DEBUG FXGLApplication      - Registering font factories with UI factory
21:46:01.924 [FXGL Background Thread 4 ] WARN  TMXLevelLoader       - TiledMap generated from 1.10.2. Supported version: 1.9.0. Some features may not be parsed fully.
21:46:01.927 [FXGL Background Thread 4 ] DEBUG TMXLevelLoader       - Parsed TiledMap: file:/C:/Users/acer/School%20Stuffs/Automata/activity/target/classes/assets/levels/tmx/map-iguess.tmx
21:46:01.928 [FXGL Background Thread 4 ] DEBUG TMXLevelLoader       - Creating tile layer entities
21:46:01.929 [FXGL Background Thread 4 ] DEBUG TilesetLoader        - Loading view for layer Tile Layer 1
21:46:01.932 [FXGL Background Thread 4 ] DEBUG TilesetLoader        - Created buffer with size 1152.0x1152.0
21:46:01.942 [FXGL Background Thread 4 ] DEBUG TMXLevelLoader       - Creating object layer entities
21:46:01.943 [FXGL Background Thread 4 ] DEBUG GameWorld            - Clearing removable entities
21:46:01.944 [FXGL Background Thread 4 ] DEBUG GameWorld            - Setting level: com.almasb.fxgl.entity.level.Level@47d5f35c
21:46:01.952 [FXGL Background Thread 4 ] DEBUG FXGLAssetLoaderServi - Loading from file system: file:/C:/Users/acer/School%20Stuffs/Automata/activity/target/classes/assets/textures/idle.png
21:46:01.954 [FXGL Background Thread 4 ] DEBUG FXGLAssetLoaderServi - Loading from file system: file:/C:/Users/acer/School%20Stuffs/Automata/activity/target/classes/assets/textures/walk.png
21:46:01.955 [FXGL Background Thread 4 ] DEBUG FXGLAssetLoaderServi - Loading from file system: file:/C:/Users/acer/School%20Stuffs/Automata/activity/target/classes/assets/textures/attack.png
21:46:01.956 [FXGL Background Thread 4 ] DEBUG FXGLAssetLoaderServi - Loading from file system: file:/C:/Users/acer/School%20Stuffs/Automata/activity/target/classes/assets/textures/Dead.png
21:46:01.970 [FXGL Background Thread 4 ] DEBUG FXGLAssetLoaderServi - Loading from file system: file:/C:/Users/acer/School%20Stuffs/Automata/activity/target/classes/assets/textures/Skel_Walk.png
21:46:01.973 [FXGL Background Thread 4 ] DEBUG FXGLAssetLoaderServi - Loading from file system: file:/C:/Users/acer/School%20Stuffs/Automata/activity/target/classes/assets/textures/Skel_Idle.png
21:46:01.975 [FXGL Background Thread 4 ] DEBUG FXGLAssetLoaderServi - Loading from file system: file:/C:/Users/acer/School%20Stuffs/Automata/activity/target/classes/assets/textures/Skel_Attack.png
21:46:01.980 [FXGL Background Thread 4 ] DEBUG FXGLAssetLoaderServi - Loading from file system: file:/C:/Users/acer/School%20Stuffs/Automata/activity/target/classes/assets/textures/Skel_Death.png
21:46:01.986 [FXGL Background Thread 4 ] INFO  FXGLApplication      - Game initialization took: 0.099 sec
21:46:02.029 [JavaFX Application Thread] DEBUG Input                - Clearing active input actions
21:46:02.034 [JavaFX Application Thread] DEBUG GameApplicationServi - Removing overlay from FXGLLoadingScene and adding to GameScene
21:46:02.036 [JavaFX Application Thread] DEBUG PrimaryStageWindow   - FXGLLoadingScene -> GameScene
21:46:03.305 [FXGL Background Thread 2 ] INFO  UpdaterService       - Your current version:  17.3
21:46:03.306 [FXGL Background Thread 2 ] INFO  UpdaterService       - Latest stable version: 21.1
21:46:04.815 [FXGL Background Thread 3 ] DEBUG Engine               - Logging environment variables
21:46:04.816 [FXGL Background Thread 3 ] DEBUG Engine               - achievements: []
21:46:04.816 [FXGL Background Thread 3 ] DEBUG Engine               - actualHeight: 720.0
21:46:04.817 [FXGL Background Thread 3 ] DEBUG Engine               - actualHeightProperty: ReadOnlyDoubleProperty [value: 720.0]
21:46:04.817 [FXGL Background Thread 3 ] DEBUG Engine               - actualWidth: 720.0
21:46:04.817 [FXGL Background Thread 3 ] DEBUG Engine               - actualWidthProperty: ReadOnlyDoubleProperty [value: 720.0]
21:46:04.817 [FXGL Background Thread 3 ] DEBUG Engine               - appIcon: fxgl_icon.png
21:46:04.817 [FXGL Background Thread 3 ] DEBUG Engine               - applicationMode: DEVELOPER
21:46:04.817 [FXGL Background Thread 3 ] DEBUG Engine               - cSSList: [fxgl_dark.css]
21:46:04.817 [FXGL Background Thread 3 ] DEBUG Engine               - collisionDetectionStrategy: BRUTE_FORCE
21:46:04.817 [FXGL Background Thread 3 ] DEBUG Engine               - configClass: Optional.empty
21:46:04.817 [FXGL Background Thread 3 ] DEBUG Engine               - credits: []
21:46:04.818 [FXGL Background Thread 3 ] DEBUG Engine               - defaultCursor: CursorInfo(imageName=fxgl_default_cursor.png, hotspotX=7.0, hotspotY=6.0)
21:46:04.818 [FXGL Background Thread 3 ] DEBUG Engine               - devBBoxColorProperty: ObjectProperty [value: 0xff0000ff]
21:46:04.818 [FXGL Background Thread 3 ] DEBUG Engine               - devEnableDebugCameraProperty: BooleanProperty [value: false]
21:46:04.819 [FXGL Background Thread 3 ] DEBUG Engine               - devSensorColorProperty: ObjectProperty [value: 0xffff00ff]
21:46:04.819 [FXGL Background Thread 3 ] DEBUG Engine               - devShowBBoxProperty: BooleanProperty [value: false]
21:46:04.819 [FXGL Background Thread 3 ] DEBUG Engine               - devShowPositionProperty: BooleanProperty [value: false]
21:46:04.819 [FXGL Background Thread 3 ] DEBUG Engine               - enabledMenuItems: []
21:46:04.819 [FXGL Background Thread 3 ] DEBUG Engine               - engineServices: [class com.almasb.fxgl.app.services.FXGLAssetLoaderService, class com.almasb.fxgl.app.FXGLApplication$GameApplicationService, class com.almasb.fxgl.app.services.FXGLDialogService, class com.almasb.fxgl.app.services.IOTaskExecutorService, class com.almasb.fxgl.io.FileSystemService, class com.almasb.fxgl.localization.LocalizationService, class com.almasb.fxgl.app.services.SystemBundleService, class com.almasb.fxgl.profile.SaveLoadService, class com.almasb.fxgl.ui.FXGLUIFactoryServiceProvider, class com.almasb.fxgl.ui.FXGLDialogFactoryServiceProvider, class com.almasb.fxgl.audio.AudioPlayer, class com.almasb.fxgl.notification.impl.NotificationServiceProvider, class com.almasb.fxgl.achievement.AchievementService, class com.almasb.fxgl.cutscene.CutsceneService, class com.almasb.fxgl.minigames.MiniGameService, class com.almasb.fxgl.net.NetService, class com.almasb.fxgl.app.services.UpdaterService, class com.almasb.fxgl.dev.DevService]
21:46:04.819 [FXGL Background Thread 3 ] DEBUG Engine               - fontGame: Abel-Regular.ttf
21:46:04.819 [FXGL Background Thread 3 ] DEBUG Engine               - fontMono: TerminalLandMono-Regular.otf
21:46:04.819 [FXGL Background Thread 3 ] DEBUG Engine               - fontSizeScaleUI: 1.0
21:46:04.819 [FXGL Background Thread 3 ] DEBUG Engine               - fontText: Courier-Prime.ttf
21:46:04.820 [FXGL Background Thread 3 ] DEBUG Engine               - fontUI: VarelaRound-Regular.ttf
21:46:04.820 [FXGL Background Thread 3 ] DEBUG Engine               - fullScreen: BooleanProperty [value: false]
21:46:04.820 [FXGL Background Thread 3 ] DEBUG Engine               - gameDifficulty: MEDIUM
21:46:04.820 [FXGL Background Thread 3 ] DEBUG Engine               - gameDifficultyProperty: ObjectProperty [value: MEDIUM]
21:46:04.820 [FXGL Background Thread 3 ] DEBUG Engine               - globalMusicVolume: 0.5
21:46:04.820 [FXGL Background Thread 3 ] DEBUG Engine               - globalMusicVolumeProperty: DoubleProperty [value: 0.5]
21:46:04.820 [FXGL Background Thread 3 ] DEBUG Engine               - globalSoundVolume: 0.5
21:46:04.820 [FXGL Background Thread 3 ] DEBUG Engine               - globalSoundVolumeProperty: DoubleProperty [value: 0.5]
21:46:04.820 [FXGL Background Thread 3 ] DEBUG Engine               - height: 720
21:46:04.821 [FXGL Background Thread 3 ] DEBUG Engine               - is3D: false
21:46:04.821 [FXGL Background Thread 3 ] DEBUG Engine               - isAndroid: false
21:46:04.821 [FXGL Background Thread 3 ] DEBUG Engine               - isBrowser: false
21:46:04.821 [FXGL Background Thread 3 ] DEBUG Engine               - isClickFeedbackEnabled: false
21:46:04.821 [FXGL Background Thread 3 ] DEBUG Engine               - isCloseConfirmation: false
21:46:04.821 [FXGL Background Thread 3 ] DEBUG Engine               - isDesktop: true
21:46:04.821 [FXGL Background Thread 3 ] DEBUG Engine               - isDeveloperMenuEnabled: true
21:46:04.821 [FXGL Background Thread 3 ] DEBUG Engine               - isEmbedded: false
21:46:04.821 [FXGL Background Thread 3 ] DEBUG Engine               - isEntityPreloadEnabled: true
21:46:04.821 [FXGL Background Thread 3 ] DEBUG Engine               - isExperimentalTiledLargeMap: false
21:46:04.822 [FXGL Background Thread 3 ] DEBUG Engine               - isFileSystemWriteAllowed: true
21:46:04.822 [FXGL Background Thread 3 ] DEBUG Engine               - isFullScreenAllowed: false
21:46:04.822 [FXGL Background Thread 3 ] DEBUG Engine               - isFullScreenFromStart: false
21:46:04.822 [FXGL Background Thread 3 ] DEBUG Engine               - isGameMenuEnabled: true
21:46:04.822 [FXGL Background Thread 3 ] DEBUG Engine               - isIOS: false
21:46:04.822 [FXGL Background Thread 3 ] DEBUG Engine               - isIntroEnabled: false
21:46:04.822 [FXGL Background Thread 3 ] DEBUG Engine               - isLinux: false
21:46:04.822 [FXGL Background Thread 3 ] DEBUG Engine               - isMac: false
21:46:04.822 [FXGL Background Thread 3 ] DEBUG Engine               - isMainMenuEnabled: false
21:46:04.822 [FXGL Background Thread 3 ] DEBUG Engine               - isManualResizeEnabled: false
21:46:04.822 [FXGL Background Thread 3 ] DEBUG Engine               - isMobile: false
21:46:04.823 [FXGL Background Thread 3 ] DEBUG Engine               - isNative: false
21:46:04.823 [FXGL Background Thread 3 ] DEBUG Engine               - isPauseMusicWhenMinimized: true
21:46:04.823 [FXGL Background Thread 3 ] DEBUG Engine               - isPreserveResizeRatio: false
21:46:04.823 [FXGL Background Thread 3 ] DEBUG Engine               - isProfilingEnabled: false
21:46:04.823 [FXGL Background Thread 3 ] DEBUG Engine               - isScaleAffectedOnResize: true
21:46:04.823 [FXGL Background Thread 3 ] DEBUG Engine               - isSingleStep: false
21:46:04.823 [FXGL Background Thread 3 ] DEBUG Engine               - isUserProfileEnabled: false
21:46:04.823 [FXGL Background Thread 3 ] DEBUG Engine               - isWindows: true
21:46:04.823 [FXGL Background Thread 3 ] DEBUG Engine               - language: ObjectProperty [value: ENGLISH]
21:46:04.823 [FXGL Background Thread 3 ] DEBUG Engine               - menuKey: ESCAPE
21:46:04.823 [FXGL Background Thread 3 ] DEBUG Engine               - mouseSensitivity: 0.2
21:46:04.823 [FXGL Background Thread 3 ] DEBUG Engine               - notificationViewClass: class com.almasb.fxgl.notification.view.XboxNotificationView
21:46:04.824 [FXGL Background Thread 3 ] DEBUG Engine               - pixelsPerMeter: 50.0
21:46:04.824 [FXGL Background Thread 3 ] DEBUG Engine               - platform: WINDOWS
21:46:04.824 [FXGL Background Thread 3 ] DEBUG Engine               - prefHeightProperty: ReadOnlyDoubleProperty [value: 720.0]
21:46:04.824 [FXGL Background Thread 3 ] DEBUG Engine               - prefWidthProperty: ReadOnlyDoubleProperty [value: 720.0]
21:46:04.824 [FXGL Background Thread 3 ] DEBUG Engine               - profileDir: profiles/
21:46:04.824 [FXGL Background Thread 3 ] DEBUG Engine               - profileName: StringProperty [value: DEFAULT]
21:46:04.824 [FXGL Background Thread 3 ] DEBUG Engine               - randomSeed: -1
21:46:04.825 [FXGL Background Thread 3 ] DEBUG Engine               - runtimeInfo: RuntimeInfo(platform=WINDOWS, version=17.3, build=30.03.2023 11.49)
21:46:04.825 [FXGL Background Thread 3 ] DEBUG Engine               - saveFileExt: sav
21:46:04.825 [FXGL Background Thread 3 ] DEBUG Engine               - scaledHeightProp$fxgl: DoubleProperty [bound, value: 720.0]
21:46:04.825 [FXGL Background Thread 3 ] DEBUG Engine               - scaledWidthProp$fxgl: DoubleProperty [bound, value: 720.0]
21:46:04.825 [FXGL Background Thread 3 ] DEBUG Engine               - sceneFactory: com.almasb.fxgl.app.scene.SceneFactory@66d9e592
21:46:04.825 [FXGL Background Thread 3 ] DEBUG Engine               - secondsIn24h: 60
21:46:04.825 [FXGL Background Thread 3 ] DEBUG Engine               - soundMenuBack: menu/back.wav
21:46:04.825 [FXGL Background Thread 3 ] DEBUG Engine               - soundMenuPress: menu/press.wav
21:46:04.825 [FXGL Background Thread 3 ] DEBUG Engine               - soundMenuSelect: menu/select.wav
21:46:04.825 [FXGL Background Thread 3 ] DEBUG Engine               - soundNotification: core/notification.wav
21:46:04.826 [FXGL Background Thread 3 ] DEBUG Engine               - stageStyle: DECORATED
21:46:04.826 [FXGL Background Thread 3 ] DEBUG Engine               - supportedLanguages: [ENGLISH, FRENCH, GERMAN, HUNGARIAN, RUSSIAN]
21:46:04.826 [FXGL Background Thread 3 ] DEBUG Engine               - ticksPerSecond: -1
21:46:04.826 [FXGL Background Thread 3 ] DEBUG Engine               - title: Hutao
21:46:04.826 [FXGL Background Thread 3 ] DEBUG Engine               - urlGithub: https://github.com/AlmasB/FXGL
21:46:04.826 [FXGL Background Thread 3 ] DEBUG Engine               - urlLeaderboard: http://fxgl-top.herokuapp.com/
21:46:04.826 [FXGL Background Thread 3 ] DEBUG Engine               - urlPOM: https://raw.githubusercontent.com/AlmasB/FXGL/release/README.md
21:46:04.826 [FXGL Background Thread 3 ] DEBUG Engine               - userAppClass: class com.example.activity.GameApp
21:46:04.826 [FXGL Background Thread 3 ] DEBUG Engine               - version: 0.0
21:46:04.826 [FXGL Background Thread 3 ] DEBUG Engine               - versionCheckDays: 7
21:46:04.826 [FXGL Background Thread 3 ] DEBUG Engine               - width: 720
21:46:04.826 [FXGL Background Thread 3 ] DEBUG Engine               - Logging services
21:46:04.826 [FXGL Background Thread 3 ] DEBUG Engine               - class com.almasb.fxgl.app.services.FXGLAssetLoaderService
21:46:04.826 [FXGL Background Thread 3 ] DEBUG Engine               - class com.almasb.fxgl.app.FXGLApplication$GameApplicationService
21:46:04.827 [FXGL Background Thread 3 ] DEBUG Engine               - class com.almasb.fxgl.app.services.FXGLDialogService
21:46:04.827 [FXGL Background Thread 3 ] DEBUG Engine               - class com.almasb.fxgl.app.services.IOTaskExecutorService
21:46:04.827 [FXGL Background Thread 3 ] DEBUG Engine               - class com.almasb.fxgl.io.FileSystemService
21:46:04.827 [FXGL Background Thread 3 ] DEBUG Engine               - class com.almasb.fxgl.localization.LocalizationService
21:46:04.827 [FXGL Background Thread 3 ] DEBUG Engine               - class com.almasb.fxgl.app.services.SystemBundleService
21:46:04.827 [FXGL Background Thread 3 ] DEBUG Engine               - class com.almasb.fxgl.profile.SaveLoadService
21:46:04.827 [FXGL Background Thread 3 ] DEBUG Engine               - class com.almasb.fxgl.ui.FXGLUIFactoryServiceProvider
21:46:04.827 [FXGL Background Thread 3 ] DEBUG Engine               - class com.almasb.fxgl.ui.FXGLDialogFactoryServiceProvider
21:46:04.827 [FXGL Background Thread 3 ] DEBUG Engine               - class com.almasb.fxgl.audio.AudioPlayer
21:46:04.827 [FXGL Background Thread 3 ] DEBUG Engine               - class com.almasb.fxgl.notification.impl.NotificationServiceProvider
21:46:04.827 [FXGL Background Thread 3 ] DEBUG Engine               - class com.almasb.fxgl.achievement.AchievementService
21:46:04.827 [FXGL Background Thread 3 ] DEBUG Engine               - class com.almasb.fxgl.cutscene.CutsceneService
21:46:04.827 [FXGL Background Thread 3 ] DEBUG Engine               - class com.almasb.fxgl.minigames.MiniGameService
21:46:04.827 [FXGL Background Thread 3 ] DEBUG Engine               - class com.almasb.fxgl.net.NetService
21:46:04.827 [FXGL Background Thread 3 ] DEBUG Engine               - class com.almasb.fxgl.app.services.UpdaterService
21:46:04.827 [FXGL Background Thread 3 ] DEBUG Engine               - class com.almasb.fxgl.dev.DevService
21:46:12.439 [JavaFX Application Thread] DEBUG LoopRunner           - Pausing loop
21:46:36.973 [JavaFX Application Thread] DEBUG FXGLApplication      - Exiting FXGL
21:46:36.973 [JavaFX Application Thread] DEBUG LoopRunner           - Stopping loop
21:46:36.973 [JavaFX Application Thread] DEBUG SystemBundleService  - Saving FXGL system data
21:46:36.976 [JavaFX Application Thread] DEBUG FileSystemAccess     - Writing to: C:\Users\acer\School Stuffs\Automata\activity\system\fxgl.bundle
21:46:36.979 [JavaFX Application Thread] DEBUG Async                - Shutting down background threads
21:46:36.979 [JavaFX Application Thread] DEBUG PrimaryStageWindow   - Closing main window
21:46:37.002 [JavaFX Application Thread] DEBUG Logger               - Closing Logger
