21:44:48.622 [main                     ] DEBUG Logger               - Configured Logger
21:44:48.637 [main                     ] DEBUG GameApplication      - Logging settings
Title: Hutao
Version: 0.0
Width: 720
Height: 720
Fullscreen: false
Intro: false
Profiling: false
Single step:false
App Mode: DEVELOPER
Menu Key: ESCAPE
Stage Style: DECORATED
Scene Factory: class com.almasb.fxgl.app.scene.SceneFactory

21:44:49.046 [JavaFX Application Thread] DEBUG FXGLApplication      - Initializing FXGL
21:44:49.048 [JavaFX Application Thread] INFO  Engine               - FXGL-17.3 (30.03.2023 11.49) on WINDOWS (J:21.0.2 FX:21)
21:44:49.049 [JavaFX Application Thread] DEBUG Engine               - JRE Vendor Name: Oracle Corporation
21:44:49.049 [JavaFX Application Thread] DEBUG Engine               - Running on OS: Windows 11 version 10.0
21:44:49.049 [JavaFX Application Thread] DEBUG Engine               - Architecture: amd64
21:44:49.049 [JavaFX Application Thread] INFO  Engine               - Source code and latest versions at: https://github.com/AlmasB/FXGL
21:44:49.049 [JavaFX Application Thread] INFO  Engine               -       Ask questions and discuss at: https://github.com/AlmasB/FXGL/discussions
21:44:49.049 [JavaFX Application Thread] INFO  Engine               -              Join the FXGL chat at: https://gitter.im/AlmasB/FXGL
21:44:49.110 [JavaFX Application Thread] DEBUG PrimaryStageWindow   - Creating a JavaFX scene
21:44:49.145 [JavaFX Application Thread] DEBUG PrimaryStageWindow   - Target settings size: 720.0 x 720.0
21:44:49.145 [JavaFX Application Thread] DEBUG PrimaryStageWindow   - Scaled scene size:    720.0 x 720.0
21:44:49.146 [JavaFX Application Thread] DEBUG PrimaryStageWindow   - Scaled ratio: (1.0, 1.0)
21:44:49.146 [JavaFX Application Thread] DEBUG PrimaryStageWindow   - Set initial scene to FXGLStartupScene
21:44:49.148 [JavaFX Application Thread] DEBUG PrimaryStageWindow   - Opening main window
21:44:49.214 [JavaFX Application Thread] DEBUG PrimaryStageWindow   - Window border size: (14.4000244140625, 37.5999755859375)
21:44:49.214 [JavaFX Application Thread] DEBUG PrimaryStageWindow   - Scaled size: 720.0 x 720.0
21:44:49.214 [JavaFX Application Thread] DEBUG PrimaryStageWindow   - Scaled ratio: (1.0, 1.0)
21:44:49.214 [JavaFX Application Thread] DEBUG PrimaryStageWindow   - Scene size: 720.0 x 720.0
21:44:49.214 [JavaFX Application Thread] DEBUG PrimaryStageWindow   - Stage size: 734.4000244140625 x 757.5999755859375
21:44:49.221 [FXGL Background Thread 1 ] DEBUG Engine               - Initializing environment variables
21:44:49.258 [FXGL Background Thread 1 ] DEBUG FXGLAssetLoaderServi - User app class for loading assets: class com.example.activity.GameApp
21:44:49.259 [FXGL Background Thread 1 ] DEBUG GameApplicationServi - Applying CSS: fxgl_dark.css
21:44:49.260 [FXGL Background Thread 1 ] DEBUG FXGLAssetLoaderServi - Loading from file system: jar:file:///C:/Users/acer/.m2/repository/com/github/almasb/fxgl/17.3/fxgl-17.3.jar!/fxglassets/ui/css/fxgl_dark.css
21:44:49.291 [FXGL Background Thread 1 ] DEBUG GameApplicationServi - Initializing application scenes
21:44:49.325 [FXGL Background Thread 1 ] DEBUG GameWorld            - Game world initialized
21:44:49.368 [FXGL Background Thread 1 ] DEBUG PhysicsWorld         - Physics world initialized: appHeight=720, physics.ppm=50.0
21:44:49.368 [FXGL Background Thread 1 ] DEBUG PhysicsWorld         - Using strategy: BRUTE_FORCE
21:44:49.370 [FXGL Background Thread 1 ] DEBUG GameScene            - Game scene initialized: 720x720
21:44:49.377 [FXGL Background Thread 1 ] WARN  FXGL.DefaultMenu     - FXGLDefaultMenu is not designed for resolutions < 800x600
21:44:49.377 [FXGL Background Thread 1 ] DEBUG FXGL.DefaultMenu     - createMenuBodyGameMenu()
21:44:49.386 [FXGL Background Thread 1 ] DEBUG FXGL.DefaultMenu     - createOptionsMenu()
21:44:49.392 [FXGL Background Thread 1 ] DEBUG FXGLAssetLoaderServi - Loading from file system: jar:file:///C:/Users/acer/.m2/repository/com/github/almasb/fxgl/17.3/fxgl-17.3.jar!/fxglassets/textures/particles/smoke.png
21:44:49.456 [FXGL Background Thread 1 ] DEBUG FXGLAssetLoaderServi - Loading from file system: jar:file:///C:/Users/acer/.m2/repository/com/github/almasb/fxgl/17.3/fxgl-17.3.jar!/fxglassets/textures/particles/trace_horizontal.png
21:44:49.480 [FXGL Background Thread 1 ] DEBUG GameApplicationServi - Application scenes initialized
21:44:49.488 [FXGL Background Thread 1 ] DEBUG SystemBundleService  - Loading FXGL system data
21:44:49.492 [FXGL Background Thread 1 ] DEBUG FileSystemAccess     - Reading from: C:\Users\acer\School Stuffs\Automata\activity\system\fxgl.bundle
21:44:49.501 [FXGL Background Thread 1 ] DEBUG SystemBundleService  - Bundle FXGL: {}
21:44:49.501 [FXGL Background Thread 1 ] DEBUG UpdaterService       - Checking for updates
21:44:49.519 [FXGL Background Thread 4 ] DEBUG FXGLApplication      - Loading fonts
21:44:49.519 [FXGL Background Thread 4 ] DEBUG FXGLAssetLoaderServi - Loading from file system: jar:file:///C:/Users/acer/.m2/repository/com/github/almasb/fxgl/17.3/fxgl-17.3.jar!/fxglassets/ui/fonts/VarelaRound-Regular.ttf
21:44:49.519 [FXGL Background Thread 1 ] DEBUG FXGLApplication      - Loading default localization
21:44:49.520 [FXGL Background Thread 1 ] DEBUG FXGLAssetLoaderServi - Loading from file system: jar:file:///C:/Users/acer/.m2/repository/com/github/almasb/fxgl/17.3/fxgl-17.3.jar!/fxglassets/languages/english.lang
21:44:49.532 [FXGL Background Thread 1 ] INFO  FXGLApplication      - FXGL initialization took: 0.311 sec
21:44:49.539 [JavaFX Application Thread] DEBUG Input                - Registered new binding: Up - W
21:44:49.540 [JavaFX Application Thread] DEBUG Input                - Registered new binding: Down - S
21:44:49.540 [JavaFX Application Thread] DEBUG Input                - Registered new binding: left - A
21:44:49.540 [JavaFX Application Thread] DEBUG Input                - Registered new binding: Right - D
21:44:49.541 [JavaFX Application Thread] DEBUG Input                - Registered new binding: Attack - LMB
21:44:49.542 [JavaFX Application Thread] DEBUG FXGLAssetLoaderServi - Loading from file system: jar:file:///C:/Users/acer/.m2/repository/com/github/almasb/fxgl/17.3/fxgl-17.3.jar!/fxglassets/textures/fxgl_icon.png
21:44:49.547 [FXGL Background Thread 4 ] DEBUG FXGLAssetLoaderServi - Loading from file system: jar:file:///C:/Users/acer/.m2/repository/com/github/almasb/fxgl/17.3/fxgl-17.3.jar!/fxglassets/ui/fonts/Abel-Regular.ttf
21:44:49.551 [FXGL Background Thread 4 ] DEBUG FXGLAssetLoaderServi - Loading from file system: jar:file:///C:/Users/acer/.m2/repository/com/github/almasb/fxgl/17.3/fxgl-17.3.jar!/fxglassets/ui/fonts/TerminalLandMono-Regular.otf
21:44:49.553 [JavaFX Application Thread] DEBUG FXGLAssetLoaderServi - Loading from file system: jar:file:///C:/Users/acer/.m2/repository/com/github/almasb/fxgl/17.3/fxgl-17.3.jar!/fxglassets/textures/fxgl_default_cursor.png
21:44:49.554 [FXGL Background Thread 4 ] DEBUG FXGLAssetLoaderServi - Loading from file system: jar:file:///C:/Users/acer/.m2/repository/com/github/almasb/fxgl/17.3/fxgl-17.3.jar!/fxglassets/ui/fonts/Courier-Prime.ttf
21:44:49.555 [JavaFX Application Thread] DEBUG Input                - Registered new binding: Screenshot - CTRL+8
21:44:49.555 [JavaFX Application Thread] DEBUG Input                - Registered new binding: Dev Options - 1
21:44:49.556 [JavaFX Application Thread] DEBUG Input                - Registered new binding: Dev Console - 2
21:44:49.556 [JavaFX Application Thread] DEBUG Input                - Registered new binding: System info dump - CTRL+9
21:44:49.556 [JavaFX Application Thread] DEBUG Input                - Registered new binding: Restart - CTRL+R
21:44:49.557 [JavaFX Application Thread] DEBUG Input                - Registered new binding: Toggle Debug Camera - CTRL+7
21:44:49.559 [JavaFX Application Thread] DEBUG LoopRunner           - Starting loop
21:44:49.569 [JavaFX Application Thread] DEBUG LoopRunner           - Initializing JavaFX AnimationTimerLoop
21:44:49.570 [JavaFX Application Thread] DEBUG GameApplicationServi - Starting new game
21:44:49.570 [JavaFX Application Thread] DEBUG Input                - Clearing active input actions
21:44:49.577 [JavaFX Application Thread] DEBUG GameApplicationServi - Removing overlay from FXGLStartupScene and adding to FXGLLoadingScene
21:44:49.580 [JavaFX Application Thread] DEBUG PrimaryStageWindow   - FXGLStartupScene -> FXGLLoadingScene
21:44:49.580 [JavaFX Application Thread] DEBUG GameApplicationServi - Clearing previous game
21:44:49.580 [JavaFX Application Thread] DEBUG GameScene            - Clearing game scene
21:44:49.580 [JavaFX Application Thread] DEBUG GameWorld            - Clearing game world
21:44:49.580 [JavaFX Application Thread] DEBUG PhysicsWorld         - Clearing physics world
21:44:49.581 [FXGL Background Thread 4 ] DEBUG FXGLApplication      - Initializing game
21:44:49.581 [JavaFX Application Thread] DEBUG FXGLApplication      - Registering font factories with UI factory
21:44:49.627 [FXGL Background Thread 4 ] WARN  TMXLevelLoader       - TiledMap generated from 1.10.2. Supported version: 1.9.0. Some features may not be parsed fully.
21:44:49.631 [FXGL Background Thread 4 ] DEBUG TMXLevelLoader       - Parsed TiledMap: file:/C:/Users/acer/School%20Stuffs/Automata/activity/target/classes/assets/levels/tmx/map-iguess.tmx
21:44:49.632 [FXGL Background Thread 4 ] DEBUG TMXLevelLoader       - Creating tile layer entities
21:44:49.634 [FXGL Background Thread 4 ] DEBUG TilesetLoader        - Loading view for layer Tile Layer 1
21:44:49.636 [FXGL Background Thread 4 ] DEBUG TilesetLoader        - Created buffer with size 1152.0x1152.0
21:44:49.648 [FXGL Background Thread 4 ] DEBUG TMXLevelLoader       - Creating object layer entities
21:44:49.649 [FXGL Background Thread 4 ] DEBUG GameWorld            - Clearing removable entities
21:44:49.649 [FXGL Background Thread 4 ] DEBUG GameWorld            - Setting level: com.almasb.fxgl.entity.level.Level@751bff53
21:44:49.658 [FXGL Background Thread 4 ] DEBUG FXGLAssetLoaderServi - Loading from file system: file:/C:/Users/acer/School%20Stuffs/Automata/activity/target/classes/assets/textures/idle.png
21:44:49.660 [FXGL Background Thread 4 ] DEBUG FXGLAssetLoaderServi - Loading from file system: file:/C:/Users/acer/School%20Stuffs/Automata/activity/target/classes/assets/textures/walk.png
21:44:49.662 [FXGL Background Thread 4 ] DEBUG FXGLAssetLoaderServi - Loading from file system: file:/C:/Users/acer/School%20Stuffs/Automata/activity/target/classes/assets/textures/attack.png
21:44:49.667 [FXGL Background Thread 4 ] DEBUG FXGLAssetLoaderServi - Loading from file system: file:/C:/Users/acer/School%20Stuffs/Automata/activity/target/classes/assets/textures/Dead.png
21:44:49.686 [FXGL Background Thread 4 ] DEBUG FXGLAssetLoaderServi - Loading from file system: file:/C:/Users/acer/School%20Stuffs/Automata/activity/target/classes/assets/textures/Skel_Walk.png
21:44:49.689 [FXGL Background Thread 4 ] DEBUG FXGLAssetLoaderServi - Loading from file system: file:/C:/Users/acer/School%20Stuffs/Automata/activity/target/classes/assets/textures/Skel_Idle.png
21:44:49.692 [FXGL Background Thread 4 ] DEBUG FXGLAssetLoaderServi - Loading from file system: file:/C:/Users/acer/School%20Stuffs/Automata/activity/target/classes/assets/textures/Skel_Attack.png
21:44:49.697 [FXGL Background Thread 4 ] DEBUG FXGLAssetLoaderServi - Loading from file system: file:/C:/Users/acer/School%20Stuffs/Automata/activity/target/classes/assets/textures/Skel_Death.png
21:44:49.706 [FXGL Background Thread 4 ] INFO  FXGLApplication      - Game initialization took: 0.125 sec
21:44:49.746 [JavaFX Application Thread] DEBUG Input                - Clearing active input actions
21:44:49.750 [JavaFX Application Thread] DEBUG GameApplicationServi - Removing overlay from FXGLLoadingScene and adding to GameScene
21:44:49.753 [JavaFX Application Thread] DEBUG PrimaryStageWindow   - FXGLLoadingScene -> GameScene
21:44:50.766 [FXGL Background Thread 2 ] INFO  UpdaterService       - Your current version:  17.3
21:44:50.766 [FXGL Background Thread 2 ] INFO  UpdaterService       - Latest stable version: 21.1
21:44:52.518 [FXGL Background Thread 3 ] DEBUG Engine               - Logging environment variables
21:44:52.519 [FXGL Background Thread 3 ] DEBUG Engine               - achievements: []
21:44:52.519 [FXGL Background Thread 3 ] DEBUG Engine               - actualHeight: 720.0
21:44:52.520 [FXGL Background Thread 3 ] DEBUG Engine               - actualHeightProperty: ReadOnlyDoubleProperty [value: 720.0]
21:44:52.520 [FXGL Background Thread 3 ] DEBUG Engine               - actualWidth: 720.0
21:44:52.520 [FXGL Background Thread 3 ] DEBUG Engine               - actualWidthProperty: ReadOnlyDoubleProperty [value: 720.0]
21:44:52.520 [FXGL Background Thread 3 ] DEBUG Engine               - appIcon: fxgl_icon.png
21:44:52.521 [FXGL Background Thread 3 ] DEBUG Engine               - applicationMode: DEVELOPER
21:44:52.521 [FXGL Background Thread 3 ] DEBUG Engine               - cSSList: [fxgl_dark.css]
21:44:52.521 [FXGL Background Thread 3 ] DEBUG Engine               - collisionDetectionStrategy: BRUTE_FORCE
21:44:52.521 [FXGL Background Thread 3 ] DEBUG Engine               - configClass: Optional.empty
21:44:52.521 [FXGL Background Thread 3 ] DEBUG Engine               - credits: []
21:44:52.522 [FXGL Background Thread 3 ] DEBUG Engine               - defaultCursor: CursorInfo(imageName=fxgl_default_cursor.png, hotspotX=7.0, hotspotY=6.0)
21:44:52.523 [FXGL Background Thread 3 ] DEBUG Engine               - devBBoxColorProperty: ObjectProperty [value: 0xff0000ff]
21:44:52.523 [FXGL Background Thread 3 ] DEBUG Engine               - devEnableDebugCameraProperty: BooleanProperty [value: false]
21:44:52.523 [FXGL Background Thread 3 ] DEBUG Engine               - devSensorColorProperty: ObjectProperty [value: 0xffff00ff]
21:44:52.523 [FXGL Background Thread 3 ] DEBUG Engine               - devShowBBoxProperty: BooleanProperty [value: false]
21:44:52.524 [FXGL Background Thread 3 ] DEBUG Engine               - devShowPositionProperty: BooleanProperty [value: false]
21:44:52.524 [FXGL Background Thread 3 ] DEBUG Engine               - enabledMenuItems: []
21:44:52.524 [FXGL Background Thread 3 ] DEBUG Engine               - engineServices: [class com.almasb.fxgl.app.services.FXGLAssetLoaderService, class com.almasb.fxgl.app.FXGLApplication$GameApplicationService, class com.almasb.fxgl.app.services.FXGLDialogService, class com.almasb.fxgl.app.services.IOTaskExecutorService, class com.almasb.fxgl.io.FileSystemService, class com.almasb.fxgl.localization.LocalizationService, class com.almasb.fxgl.app.services.SystemBundleService, class com.almasb.fxgl.profile.SaveLoadService, class com.almasb.fxgl.ui.FXGLUIFactoryServiceProvider, class com.almasb.fxgl.ui.FXGLDialogFactoryServiceProvider, class com.almasb.fxgl.audio.AudioPlayer, class com.almasb.fxgl.notification.impl.NotificationServiceProvider, class com.almasb.fxgl.achievement.AchievementService, class com.almasb.fxgl.cutscene.CutsceneService, class com.almasb.fxgl.minigames.MiniGameService, class com.almasb.fxgl.net.NetService, class com.almasb.fxgl.app.services.UpdaterService, class com.almasb.fxgl.dev.DevService]
21:44:52.524 [FXGL Background Thread 3 ] DEBUG Engine               - fontGame: Abel-Regular.ttf
21:44:52.524 [FXGL Background Thread 3 ] DEBUG Engine               - fontMono: TerminalLandMono-Regular.otf
21:44:52.524 [FXGL Background Thread 3 ] DEBUG Engine               - fontSizeScaleUI: 1.0
21:44:52.525 [FXGL Background Thread 3 ] DEBUG Engine               - fontText: Courier-Prime.ttf
21:44:52.525 [FXGL Background Thread 3 ] DEBUG Engine               - fontUI: VarelaRound-Regular.ttf
21:44:52.525 [FXGL Background Thread 3 ] DEBUG Engine               - fullScreen: BooleanProperty [value: false]
21:44:52.525 [FXGL Background Thread 3 ] DEBUG Engine               - gameDifficulty: MEDIUM
21:44:52.525 [FXGL Background Thread 3 ] DEBUG Engine               - gameDifficultyProperty: ObjectProperty [value: MEDIUM]
21:44:52.525 [FXGL Background Thread 3 ] DEBUG Engine               - globalMusicVolume: 0.5
21:44:52.526 [FXGL Background Thread 3 ] DEBUG Engine               - globalMusicVolumeProperty: DoubleProperty [value: 0.5]
21:44:52.526 [FXGL Background Thread 3 ] DEBUG Engine               - globalSoundVolume: 0.5
21:44:52.526 [FXGL Background Thread 3 ] DEBUG Engine               - globalSoundVolumeProperty: DoubleProperty [value: 0.5]
21:44:52.526 [FXGL Background Thread 3 ] DEBUG Engine               - height: 720
21:44:52.526 [FXGL Background Thread 3 ] DEBUG Engine               - is3D: false
21:44:52.526 [FXGL Background Thread 3 ] DEBUG Engine               - isAndroid: false
21:44:52.527 [FXGL Background Thread 3 ] DEBUG Engine               - isBrowser: false
21:44:52.527 [FXGL Background Thread 3 ] DEBUG Engine               - isClickFeedbackEnabled: false
21:44:52.527 [FXGL Background Thread 3 ] DEBUG Engine               - isCloseConfirmation: false
21:44:52.527 [FXGL Background Thread 3 ] DEBUG Engine               - isDesktop: true
21:44:52.527 [FXGL Background Thread 3 ] DEBUG Engine               - isDeveloperMenuEnabled: true
21:44:52.527 [FXGL Background Thread 3 ] DEBUG Engine               - isEmbedded: false
21:44:52.528 [FXGL Background Thread 3 ] DEBUG Engine               - isEntityPreloadEnabled: true
21:44:52.528 [FXGL Background Thread 3 ] DEBUG Engine               - isExperimentalTiledLargeMap: false
21:44:52.528 [FXGL Background Thread 3 ] DEBUG Engine               - isFileSystemWriteAllowed: true
21:44:52.528 [FXGL Background Thread 3 ] DEBUG Engine               - isFullScreenAllowed: false
21:44:52.528 [FXGL Background Thread 3 ] DEBUG Engine               - isFullScreenFromStart: false
21:44:52.528 [FXGL Background Thread 3 ] DEBUG Engine               - isGameMenuEnabled: true
21:44:52.528 [FXGL Background Thread 3 ] DEBUG Engine               - isIOS: false
21:44:52.528 [FXGL Background Thread 3 ] DEBUG Engine               - isIntroEnabled: false
21:44:52.529 [FXGL Background Thread 3 ] DEBUG Engine               - isLinux: false
21:44:52.529 [FXGL Background Thread 3 ] DEBUG Engine               - isMac: false
21:44:52.529 [FXGL Background Thread 3 ] DEBUG Engine               - isMainMenuEnabled: false
21:44:52.529 [FXGL Background Thread 3 ] DEBUG Engine               - isManualResizeEnabled: false
21:44:52.529 [FXGL Background Thread 3 ] DEBUG Engine               - isMobile: false
21:44:52.529 [FXGL Background Thread 3 ] DEBUG Engine               - isNative: false
21:44:52.529 [FXGL Background Thread 3 ] DEBUG Engine               - isPauseMusicWhenMinimized: true
21:44:52.530 [FXGL Background Thread 3 ] DEBUG Engine               - isPreserveResizeRatio: false
21:44:52.530 [FXGL Background Thread 3 ] DEBUG Engine               - isProfilingEnabled: false
21:44:52.530 [FXGL Background Thread 3 ] DEBUG Engine               - isScaleAffectedOnResize: true
21:44:52.530 [FXGL Background Thread 3 ] DEBUG Engine               - isSingleStep: false
21:44:52.530 [FXGL Background Thread 3 ] DEBUG Engine               - isUserProfileEnabled: false
21:44:52.530 [FXGL Background Thread 3 ] DEBUG Engine               - isWindows: true
21:44:52.530 [FXGL Background Thread 3 ] DEBUG Engine               - language: ObjectProperty [value: ENGLISH]
21:44:52.530 [FXGL Background Thread 3 ] DEBUG Engine               - menuKey: ESCAPE
21:44:52.530 [FXGL Background Thread 3 ] DEBUG Engine               - mouseSensitivity: 0.2
21:44:52.531 [FXGL Background Thread 3 ] DEBUG Engine               - notificationViewClass: class com.almasb.fxgl.notification.view.XboxNotificationView
21:44:52.531 [FXGL Background Thread 3 ] DEBUG Engine               - pixelsPerMeter: 50.0
21:44:52.531 [FXGL Background Thread 3 ] DEBUG Engine               - platform: WINDOWS
21:44:52.531 [FXGL Background Thread 3 ] DEBUG Engine               - prefHeightProperty: ReadOnlyDoubleProperty [value: 720.0]
21:44:52.531 [FXGL Background Thread 3 ] DEBUG Engine               - prefWidthProperty: ReadOnlyDoubleProperty [value: 720.0]
21:44:52.531 [FXGL Background Thread 3 ] DEBUG Engine               - profileDir: profiles/
21:44:52.532 [FXGL Background Thread 3 ] DEBUG Engine               - profileName: StringProperty [value: DEFAULT]
21:44:52.532 [FXGL Background Thread 3 ] DEBUG Engine               - randomSeed: -1
21:44:52.532 [FXGL Background Thread 3 ] DEBUG Engine               - runtimeInfo: RuntimeInfo(platform=WINDOWS, version=17.3, build=30.03.2023 11.49)
21:44:52.532 [FXGL Background Thread 3 ] DEBUG Engine               - saveFileExt: sav
21:44:52.533 [FXGL Background Thread 3 ] DEBUG Engine               - scaledHeightProp$fxgl: DoubleProperty [bound, value: 720.0]
21:44:52.533 [FXGL Background Thread 3 ] DEBUG Engine               - scaledWidthProp$fxgl: DoubleProperty [bound, value: 720.0]
21:44:52.533 [FXGL Background Thread 3 ] DEBUG Engine               - sceneFactory: com.almasb.fxgl.app.scene.SceneFactory@56775803
21:44:52.533 [FXGL Background Thread 3 ] DEBUG Engine               - secondsIn24h: 60
21:44:52.533 [FXGL Background Thread 3 ] DEBUG Engine               - soundMenuBack: menu/back.wav
21:44:52.533 [FXGL Background Thread 3 ] DEBUG Engine               - soundMenuPress: menu/press.wav
21:44:52.533 [FXGL Background Thread 3 ] DEBUG Engine               - soundMenuSelect: menu/select.wav
21:44:52.533 [FXGL Background Thread 3 ] DEBUG Engine               - soundNotification: core/notification.wav
21:44:52.534 [FXGL Background Thread 3 ] DEBUG Engine               - stageStyle: DECORATED
21:44:52.534 [FXGL Background Thread 3 ] DEBUG Engine               - supportedLanguages: [ENGLISH, FRENCH, GERMAN, HUNGARIAN, RUSSIAN]
21:44:52.534 [FXGL Background Thread 3 ] DEBUG Engine               - ticksPerSecond: -1
21:44:52.534 [FXGL Background Thread 3 ] DEBUG Engine               - title: Hutao
21:44:52.534 [FXGL Background Thread 3 ] DEBUG Engine               - urlGithub: https://github.com/AlmasB/FXGL
21:44:52.534 [FXGL Background Thread 3 ] DEBUG Engine               - urlLeaderboard: http://fxgl-top.herokuapp.com/
21:44:52.534 [FXGL Background Thread 3 ] DEBUG Engine               - urlPOM: https://raw.githubusercontent.com/AlmasB/FXGL/release/README.md
21:44:52.534 [FXGL Background Thread 3 ] DEBUG Engine               - userAppClass: class com.example.activity.GameApp
21:44:52.535 [FXGL Background Thread 3 ] DEBUG Engine               - version: 0.0
21:44:52.535 [FXGL Background Thread 3 ] DEBUG Engine               - versionCheckDays: 7
21:44:52.535 [FXGL Background Thread 3 ] DEBUG Engine               - width: 720
21:44:52.535 [FXGL Background Thread 3 ] DEBUG Engine               - Logging services
21:44:52.535 [FXGL Background Thread 3 ] DEBUG Engine               - class com.almasb.fxgl.app.services.FXGLAssetLoaderService
21:44:52.535 [FXGL Background Thread 3 ] DEBUG Engine               - class com.almasb.fxgl.app.FXGLApplication$GameApplicationService
21:44:52.535 [FXGL Background Thread 3 ] DEBUG Engine               - class com.almasb.fxgl.app.services.FXGLDialogService
21:44:52.535 [FXGL Background Thread 3 ] DEBUG Engine               - class com.almasb.fxgl.app.services.IOTaskExecutorService
21:44:52.535 [FXGL Background Thread 3 ] DEBUG Engine               - class com.almasb.fxgl.io.FileSystemService
21:44:52.536 [FXGL Background Thread 3 ] DEBUG Engine               - class com.almasb.fxgl.localization.LocalizationService
21:44:52.536 [FXGL Background Thread 3 ] DEBUG Engine               - class com.almasb.fxgl.app.services.SystemBundleService
21:44:52.536 [FXGL Background Thread 3 ] DEBUG Engine               - class com.almasb.fxgl.profile.SaveLoadService
21:44:52.536 [FXGL Background Thread 3 ] DEBUG Engine               - class com.almasb.fxgl.ui.FXGLUIFactoryServiceProvider
21:44:52.536 [FXGL Background Thread 3 ] DEBUG Engine               - class com.almasb.fxgl.ui.FXGLDialogFactoryServiceProvider
21:44:52.536 [FXGL Background Thread 3 ] DEBUG Engine               - class com.almasb.fxgl.audio.AudioPlayer
21:44:52.536 [FXGL Background Thread 3 ] DEBUG Engine               - class com.almasb.fxgl.notification.impl.NotificationServiceProvider
21:44:52.536 [FXGL Background Thread 3 ] DEBUG Engine               - class com.almasb.fxgl.achievement.AchievementService
21:44:52.536 [FXGL Background Thread 3 ] DEBUG Engine               - class com.almasb.fxgl.cutscene.CutsceneService
21:44:52.536 [FXGL Background Thread 3 ] DEBUG Engine               - class com.almasb.fxgl.minigames.MiniGameService
21:44:52.536 [FXGL Background Thread 3 ] DEBUG Engine               - class com.almasb.fxgl.net.NetService
21:44:52.536 [FXGL Background Thread 3 ] DEBUG Engine               - class com.almasb.fxgl.app.services.UpdaterService
21:44:52.536 [FXGL Background Thread 3 ] DEBUG Engine               - class com.almasb.fxgl.dev.DevService
21:45:07.496 [JavaFX Application Thread] DEBUG FXGLApplication      - Exiting FXGL
21:45:07.496 [JavaFX Application Thread] DEBUG LoopRunner           - Stopping loop
21:45:07.497 [JavaFX Application Thread] DEBUG SystemBundleService  - Saving FXGL system data
21:45:07.500 [JavaFX Application Thread] DEBUG FileSystemAccess     - Writing to: C:\Users\acer\School Stuffs\Automata\activity\system\fxgl.bundle
21:45:07.503 [JavaFX Application Thread] DEBUG Async                - Shutting down background threads
21:45:07.503 [JavaFX Application Thread] DEBUG PrimaryStageWindow   - Closing main window
21:45:07.520 [JavaFX Application Thread] DEBUG Logger               - Closing Logger
